<?xml version="1.0" encoding="UTF-8"?>
<!-- Generated by org.testng.reporters.JUnitReportReporter -->
<testsuite skipped="0" hostname="Latitude3400" name="appTest.AppTest1" tests="2" failures="0" timestamp="13 Oct 2021 05:39:20 GMT" time="0.015" errors="0">
  <testcase name="loginTestWithInvalid" time="0.001" classname="appTest.AppTest1"/>
  <testcase name="loginTest" time="0.014" classname="appTest.AppTest1"/>
</testsuite> <!-- appTest.AppTest1 -->
