<?xml version="1.0" encoding="UTF-8"?>
<!-- Generated by org.testng.reporters.JUnitReportReporter -->
<testsuite skipped="0" hostname="Latitude3400" name="appTest.AppTestNumberCompare" tests="1" failures="0" timestamp="13 Oct 2021 07:14:37 GMT" time="0.012" errors="0">
  <testcase name="intCompare" time="0.012" classname="appTest.AppTestNumberCompare"/>
</testsuite> <!-- appTest.AppTestNumberCompare -->
