<?xml version="1.0" encoding="UTF-8"?>
<!-- Generated by org.testng.reporters.JUnitReportReporter -->
<testsuite hostname="Latitude3400" failures="0" tests="1" name="appTest.Github" time="2.646" errors="0" timestamp="13 Oct 2021 09:33:26 GMT" skipped="0">
  <testcase classname="appTest.Github" name="f" time="2.646"/>
</testsuite> <!-- appTest.Github -->
