<?xml version="1.0" encoding="UTF-8"?>
<!-- Generated by org.testng.reporters.JUnitReportReporter -->
<testsuite hostname="Latitude3400" failures="0" tests="1" name="appTest.AppTestNumberCompare" time="0.000" errors="0" timestamp="13 Oct 2021 09:33:26 GMT" skipped="0">
  <testcase classname="appTest.AppTestNumberCompare" name="intCompare" time="0.000"/>
</testsuite> <!-- appTest.AppTestNumberCompare -->
