<?xml version="1.0" encoding="UTF-8"?>
<!-- Generated by org.testng.reporters.JUnitReportReporter -->
<testsuite hostname="Latitude3400" failures="0" tests="2" name="appTest.AppTest" time="0.011" errors="0" timestamp="13 Oct 2021 09:33:26 GMT" skipped="0">
  <testcase classname="appTest.AppTest" name="loginTestWithInvalid" time="0.000"/>
  <testcase classname="appTest.AppTest" name="loginTest" time="0.011"/>
</testsuite> <!-- appTest.AppTest -->
